276:src/features/charts/utils/progress-note-payload.ts(288,35): error TS2677: A type predicate's type must be assignable to its parameter's type.
279:src/features/dashboard/pages/DashboardPage.tsx(20,18): error TS2322: Type '{ children: Element; as: string; "aria-labelledby": string; }' is not assignable to type 'IntrinsicAttributes & SurfaceCardProps'.
281:src/features/patients/api/__tests__/patient-api.test.ts(92,31): error TS2591: Cannot find name 'Buffer'. Do you need to install type definitions for node? Try `npm i --save-dev @types/node` and then add 'node' to the types field in your tsconfig.
282:src/features/patients/api/patient-api.ts(58,3): error TS2322: Type '({ id: number | undefined; beanBytes: string; } | null)[]' is not assignable to type 'PatientHealthInsurance[]'.
285:src/features/patients/api/patient-api.ts(69,31): error TS2677: A type predicate's type must be assignable to its parameter's type.
288:src/features/patients/pages/PatientsPage.tsx(271,5): error TS2322: Type 'Resolver<{ patientId: string; fullName: string; healthInsurances: { id?: number | undefined; guid?: string | undefined; className?: string | undefined; classCode?: string | undefined; insuranceNumber?: string | undefined; clientGroup?: string | undefined; clientNumber?: string | undefined; startDate?: string | undef...' is not assignable to type 'Resolver<{ patientId: string; fullName: string; gender: "U" | "M" | "F" | "O"; healthInsurances: { id?: number | undefined; guid?: string | undefined; className?: string | undefined; classCode?: string | undefined; ... 4 more ...; expiredDate?: string | undefined; }[]; ... 16 more ...; reserve6?: string | undefined;...'.
293:src/features/patients/pages/PatientsPage.tsx(383,22): error TS2345: Argument of type '{ id: number; patientId: string; fullName: string; kanaName: string; gender: string; birthday: string; telephone: string; mobilePhone: string; email: string; memo: string; appMemo: string; relations: string; ... 8 more ...; healthInsurances: { ...; }[]; }' is not assignable to parameter of type '{ patientId: string; fullName: string; gender: "U" | "M" | "F" | "O"; healthInsurances: { id?: number | undefined; guid?: string | undefined; className?: string | undefined; classCode?: string | undefined; ... 4 more ...; expiredDate?: string | undefined; }[]; ... 16 more ...; reserve6?: string | undefined; } | { .....'.
296:src/features/patients/pages/PatientsPage.tsx(431,28): error TS2345: Argument of type 'string' is not assignable to parameter of type 'never'.
297:src/features/patients/pages/PatientsPage.tsx(593,39): error TS2345: Argument of type '"error"' is not assignable to parameter of type 'AuditSeverity'.
298:src/features/patients/pages/PatientsPage.tsx(617,20): error TS2322: Type '{ children: Element; as: string; "aria-labelledby": string; }' is not assignable to type 'IntrinsicAttributes & SurfaceCardProps'.
300:src/features/patients/pages/PatientsPage.tsx(681,22): error TS2322: Type '{ children: Element; as: string; "aria-labelledby": string; }' is not assignable to type 'IntrinsicAttributes & SurfaceCardProps'.
302:src/features/patients/pages/PatientsPage.tsx(732,24): error TS2322: Type '{ children: Element; as: string; "aria-labelledby": string; }' is not assignable to type 'IntrinsicAttributes & SurfaceCardProps'.
304:src/features/patients/pages/PatientsPage.tsx(801,24): error TS2322: Type '{ children: Element; as: string; "aria-labelledby": string; }' is not assignable to type 'IntrinsicAttributes & SurfaceCardProps'.
306:src/features/patients/pages/PatientsPage.tsx(1078,24): error TS2322: Type '{ children: Element; as: string; "aria-labelledby": string; }' is not assignable to type 'IntrinsicAttributes & SurfaceCardProps'.
308:src/features/reception/api/appointment-api.ts(87,5): error TS2345: Argument of type '"reception.appointments.fetch"' is not assignable to parameter of type 'PerformanceMetricName'.
309:src/features/reception/api/appointment-api.ts(181,5): error TS2345: Argument of type '"reception.appointments.save"' is not assignable to parameter of type 'PerformanceMetricName'.
310:src/features/reception/api/visit-api.ts(212,5): error TS2345: Argument of type '"reception.legacy.fetchVisits"' is not assignable to parameter of type 'PerformanceMetricName'.
311:src/features/reception/api/visit-api.ts(237,5): error TS2345: Argument of type '"reception.legacy.registerVisit"' is not assignable to parameter of type 'PerformanceMetricName'.
312:src/features/reception/api/visit-api.ts(253,5): error TS2345: Argument of type '"reception.legacy.updateMemo"' is not assignable to parameter of type 'PerformanceMetricName'.
313:src/features/reception/components/__tests__/AppointmentManager.reminder.test.tsx(38,3): error TS2304: Cannot find name 'afterEach'.
314:src/features/reception/components/AppointmentManager.tsx(329,13): error TS4104: The type 'readonly [{ readonly value: "email"; readonly label: "繝｡繝ｼ繝ｫ"; }, { readonly value: "sms"; readonly label: "SMS"; }]' is 'readonly' and cannot be assigned to the mutable type 'SelectOption[]'.
315:src/features/reception/components/VisitManagementDialog.tsx(56,46): error TS2339: Property 'dangerSubtle' does not exist on type 'Palette'.
316:src/features/reception/components/VisitManagementDialog.tsx(78,61): error TS2551: Property 'onPrimary' does not exist on type 'Palette'. Did you mean 'primary'?
317:src/features/reception/components/VisitManagementDialog.tsx(95,67): error TS2339: Property 'dangerSubtle' does not exist on type 'Palette'.
318:src/features/reception/components/VisitManagementDialog.tsx(276,16): error TS2741: Property 'options' is missing in type '{ children: Element[]; label: string; value: string; onChange: (event: ChangeEvent<HTMLSelectElement>) => void; disabled: boolean; description: string; }' but required in type 'SelectFieldProps'.
319:src/features/reception/components/VisitManagementDialog.tsx(332,17): error TS2322: Type '{ label: string; minRows: number; value: string; onChange: (event: ChangeEvent<HTMLTextAreaElement>) => void; disabled: boolean; }' is not assignable to type 'IntrinsicAttributes & TextAreaProps & RefAttributes<HTMLTextAreaElement>'.
321:src/features/reception/pages/ReceptionPage.tsx(904,27): error TS2503: Cannot find namespace 'JSX'.
322:src/features/reception/pages/ReceptionPage.tsx(938,30): error TS2503: Cannot find namespace 'JSX'.
323:src/features/schedule/api/facility-schedule-api.ts(101,5): error TS2345: Argument of type '"schedule.facility.fetch"' is not assignable to parameter of type 'PerformanceMetricName'.
324:src/features/schedule/api/schedule-document-api.ts(73,5): error TS2345: Argument of type 'DeleteScheduleEntryParams' is not assignable to parameter of type 'Record<string, unknown>'.
326:src/features/schedule/components/ScheduleReservationDialog.tsx(90,46): error TS2339: Property 'dangerSubtle' does not exist on type 'Palette'.
327:src/features/schedule/pages/FacilitySchedulePage.tsx(652,46): error TS2339: Property 'isLoading' does not exist on type 'UseMutationResult<number, unknown, CreateDocumentArgs, unknown>'.
329:src/features/schedule/pages/FacilitySchedulePage.tsx(653,49): error TS2339: Property 'isLoading' does not exist on type 'UseMutationResult<void, unknown, DeleteReservationArgs, unknown>'.
331:src/libs/auth/auth-headers.ts(1,22): error TS7016: Could not find a declaration file for module 'crypto-js'. 'C:/Users/marug/Documents/OpenDolphin_WebClient/web-client/node_modules/crypto-js/index.js' implicitly has an 'any' type.
333:src/libs/auth/AuthProvider.tsx(14,27): error TS2345: Argument of type '() => { userName?: undefined; password?: undefined; clientUUID?: undefined; } | { userName: string; password: string; clientUUID: string; } | null' is not assignable to parameter of type 'AuthHeaderProvider'.
339:src/libs/auth/AuthProvider.tsx(72,7): error TS2322: Type '() => { userName?: undefined; password?: undefined; clientUUID?: undefined; } | { userName: string; password: string; clientUUID: string; }' is not assignable to type '() => Record<string, string>'.
344:src/libs/http/httpClient.ts(64,7): error TS2322: Type '{ [x: string]: any; Accept?: AxiosHeaderValue | undefined; "Content-Length"?: AxiosHeaderValue | undefined; "User-Agent"?: AxiosHeaderValue | undefined; "Content-Encoding"?: AxiosHeaderValue | undefined; Authorization?: AxiosHeaderValue | undefined; 'Content-Type'?: ContentType | undefined; }' is not assignable to type 'AxiosRequestHeaders'.
346:src/libs/http/httpClient.ts(71,3): error TS2322: Type '{ Accept?: AxiosHeaderValue | undefined; "Content-Length"?: AxiosHeaderValue | undefined; "User-Agent"?: AxiosHeaderValue | undefined; ... 5 more ...; 'X-Requested-With': string; }' is not assignable to type 'AxiosRequestHeaders'.
348:src/libs/http/httpClient.ts(81,7): error TS2322: Type '{ 'X-CSRF-Token': string; Accept?: AxiosHeaderValue | undefined; "Content-Length"?: AxiosHeaderValue | undefined; "User-Agent"?: AxiosHeaderValue | undefined; "Content-Encoding"?: AxiosHeaderValue | undefined; Authorization?: AxiosHeaderValue | undefined; 'Content-Type'?: ContentType | undefined; }' is not assignable to type 'AxiosRequestHeaders'.
350:src/libs/monitoring/performanceTracker.ts(99,7): error TS2345: Argument of type 'AuditCategory' is not assignable to parameter of type '"auth" | "system" | "patient" | "chart" | "orca" | "reception"'.
352:src/libs/monitoring/performanceTracker.ts(115,7): error TS2345: Argument of type 'AuditCategory' is not assignable to parameter of type '"auth" | "system" | "patient" | "chart" | "orca" | "reception"'.
354:src/test/setupTests.ts(4,1): error TS2304: Cannot find name 'expect'.
355:vite.config.ts(22,5): error TS2769: No overload matches this call.
359:vite.config.ts(27,5): error TS2769: No overload matches this call.
