=== mock run (WEB_ORCA_MASTER_SOURCE=mock, VITE_DISABLE_MSW=0) 2025-11-26T09:05:36+09:00

> e2e:orca-master
> npx playwright test tests/e2e/orca-master.spec.ts

/mnt/c/Users/marug/Documents/OpenDolphin_WebClient/node_modules/.bin/playwright: 1: ../@playwright/test/cli.js: not found
--- retry with direct cli (node) 2025-11-26T09:06:04+09:00
error: unknown command 'tests/e2e/orca-master.spec.ts'
--- retry node cli with test subcommand 2025-11-26T09:06:19+09:00
--- retry node cli with timeout 120s 2025-11-26T09:06:40+09:00

Running 9 tests using 1 worker

  -  1 tests/e2e/orca-master.spec.ts:33:7 â€º @a11y ORCA master ã‚¢ã‚¯ã‚»ã‚·ãƒ“ãƒªãƒ†ã‚£ (MSW) â€º @a11y ã‚¹ã‚­ãƒƒãƒ—ãƒªãƒ³ã‚¯ã¨ Enter/Space ã§æ¤œç´¢ãŒå®Ÿè¡Œã§ãã‚‹
  -  2 tests/e2e/orca-master.spec.ts:58:7 â€º @a11y ORCA master ã‚¢ã‚¯ã‚»ã‚·ãƒ“ãƒªãƒ†ã‚£ (MSW) â€º @a11y æ¤œç´¢çµæœãƒ†ãƒ¼ãƒ–ãƒ«ã®ãƒ˜ãƒƒãƒ€ aria å±æ€§ã‚’æ¤œè¨¼
  -  3 tests/e2e/orca-master.spec.ts:75:7 â€º @a11y ORCA master ã‚¢ã‚¯ã‚»ã‚·ãƒ“ãƒªãƒ†ã‚£ (MSW) â€º @a11y 422 ãƒãƒªãƒ‡ãƒ¼ã‚·ãƒ§ãƒ³ã‚¨ãƒ©ãƒ¼ã§ alert ãƒãƒŠãƒ¼ãŒèª­ã¾ã‚Œã‚‹
  -  4 tests/e2e/orca-master.spec.ts:91:7 â€º @a11y ORCA master ã‚¢ã‚¯ã‚»ã‚·ãƒ“ãƒªãƒ†ã‚£ (MSW) â€º @a11y 429 ãƒ¬ãƒ¼ãƒˆãƒªãƒŸãƒƒãƒˆã§ assertive alert ã¨ã‚«ã‚¦ãƒ³ãƒˆãƒ€ã‚¦ãƒ³ã‚’è¡¨ç¤º
  âœ˜  5 tests/e2e/orca-master.spec.ts:116:7 â€º ORCA master MSW æ­£å¸¸ç³» â€º è–¬åŠ¹ãƒ„ãƒªãƒ¼ãŒè¡¨ç¤ºã•ã‚Œã‚‹ (MSW-N-01) (9ms)
  âœ˜  6 tests/e2e/orca-master.spec.ts:127:7 â€º ORCA master MSW æ­£å¸¸ç³» â€º é›»å­ç‚¹æ•°è¡¨ãŒå–å¾—ã§ãã‚‹ (MSW-N-08) (8ms)
  âœ˜  7 tests/e2e/orca-master.spec.ts:142:7 â€º ORCA master 422 ãƒãƒªãƒ‡ãƒ¼ã‚·ãƒ§ãƒ³ â€º SRYCD ãƒ•ã‚©ãƒ¼ãƒãƒƒãƒˆä¸æ­£ã§ 422 (MSW-E-01) (9ms)
  âœ˜  8 tests/e2e/orca-master.spec.ts:153:7 â€º ORCA master 422 ãƒãƒªãƒ‡ãƒ¼ã‚·ãƒ§ãƒ³ â€º ä½æ‰€éƒµä¾¿ç•ªå·ãƒ•ã‚©ãƒ¼ãƒãƒƒãƒˆä¸æ­£ã§ 422 (MSW-E-03) (9ms)
  -  9 tests/e2e/orca-master.spec.ts:167:7 â€º Live ãƒ—ãƒ­ãƒ•ã‚¡ã‚¤ãƒ«ï¼ˆå°†æ¥æœ‰åŠ¹åŒ–ï¼‰ â€º è–¬åŠ¹ãƒ„ãƒªãƒ¼ãŒ Live çµŒç”±ã§å–å¾—ã§ãã‚‹


  1) tests/e2e/orca-master.spec.ts:116:7 â€º ORCA master MSW æ­£å¸¸ç³» â€º è–¬åŠ¹ãƒ„ãƒªãƒ¼ãŒè¡¨ç¤ºã•ã‚Œã‚‹ (MSW-N-01) â”€â”€â”€â”€â”€â”€â”€â”€â”€â”€â”€â”€

    Error: browserType.launch: Target page, context or browser has been closed
    Browser logs:

    <launching> /home/hayato/.cache/ms-playwright/chromium_headless_shell-1194/chrome-linux/headless_shell --disable-field-trial-config --disable-background-networking --disable-background-timer-throttling --disable-backgrounding-occluded-windows --disable-back-forward-cache --disable-breakpad --disable-client-side-phishing-detection --disable-component-extensions-with-background-pages --disable-component-update --no-default-browser-check --disable-default-apps --disable-dev-shm-usage --disable-extensions --disable-features=AcceptCHFrame,AvoidUnnecessaryBeforeUnloadCheckSync,DestroyProfileOnBrowserClose,DialMediaRouteProvider,GlobalMediaControls,HttpsUpgrades,LensOverlay,MediaRouter,PaintHolding,ThirdPartyStoragePartitioning,Translate,AutoDeElevate,RenderDocument --enable-features=CDPScreenshotNewSurface --allow-pre-commit-input --disable-hang-monitor --disable-ipc-flooding-protection --disable-popup-blocking --disable-prompt-on-repost --disable-renderer-backgrounding --force-color-profile=srgb --metrics-recording-only --no-first-run --password-store=basic --use-mock-keychain --no-service-autorun --export-tagged-pdf --disable-search-engine-choice-screen --unsafely-disable-devtools-self-xss-warnings --edge-skip-compat-layer-relaunch --enable-automation --headless --hide-scrollbars --mute-audio --blink-settings=primaryHoverType=2,availableHoverTypes=2,primaryPointerType=4,availablePointerTypes=4 --no-sandbox --user-data-dir=/tmp/playwright_chromiumdev_profile-w2OMDy --remote-debugging-pipe --no-startup-window
    <launched> pid=3187
    [pid=3187][err] /home/hayato/.cache/ms-playwright/chromium_headless_shell-1194/chrome-linux/headless_shell: error while loading shared libraries: libnspr4.so: cannot open shared object file: No such file or directory
    Call log:
    [2m  - <launching> /home/hayato/.cache/ms-playwright/chromium_headless_shell-1194/chrome-linux/headless_shell --disable-field-trial-config --disable-background-networking --disable-background-timer-throttling --disable-backgrounding-occluded-windows --disable-back-forward-cache --disable-breakpad --disable-client-side-phishing-detection --disable-component-extensions-with-background-pages --disable-component-update --no-default-browser-check --disable-default-apps --disable-dev-shm-usage --disable-extensions --disable-features=AcceptCHFrame,AvoidUnnecessaryBeforeUnloadCheckSync,DestroyProfileOnBrowserClose,DialMediaRouteProvider,GlobalMediaControls,HttpsUpgrades,LensOverlay,MediaRouter,PaintHolding,ThirdPartyStoragePartitioning,Translate,AutoDeElevate,RenderDocument --enable-features=CDPScreenshotNewSurface --allow-pre-commit-input --disable-hang-monitor --disable-ipc-flooding-protection --disable-popup-blocking --disable-prompt-on-repost --disable-renderer-backgrounding --force-color-profile=srgb --metrics-recording-only --no-first-run --password-store=basic --use-mock-keychain --no-service-autorun --export-tagged-pdf --disable-search-engine-choice-screen --unsafely-disable-devtools-self-xss-warnings --edge-skip-compat-layer-relaunch --enable-automation --headless --hide-scrollbars --mute-audio --blink-settings=primaryHoverType=2,availableHoverTypes=2,primaryPointerType=4,availablePointerTypes=4 --no-sandbox --user-data-dir=/tmp/playwright_chromiumdev_profile-w2OMDy --remote-debugging-pipe --no-startup-window[22m
    [2m  - <launched> pid=3187[22m
    [2m  - [pid=3187][err] /home/hayato/.cache/ms-playwright/chromium_headless_shell-1194/chrome-linux/headless_shell: error while loading shared libraries: libnspr4.so: cannot open shared object file: No such file or directory[22m
    [2m  - [pid=3187] <gracefully close start>[22m
    [2m  - [pid=3187] <kill>[22m
    [2m  - [pid=3187] <will force kill>[22m
    [2m  - [pid=3187] exception while trying to kill process: Error: kill ESRCH[22m
    [2m  - [pid=3187] <process did exit: exitCode=127, signal=null>[22m
    [2m  - [pid=3187] starting temporary directories cleanup[22m
    [2m  - [pid=3187] finished temporary directories cleanup[22m
    [2m  - [pid=3187] <gracefully close end>[22m


  2) tests/e2e/orca-master.spec.ts:127:7 â€º ORCA master MSW æ­£å¸¸ç³» â€º é›»å­ç‚¹æ•°è¡¨ãŒå–å¾—ã§ãã‚‹ (MSW-N-08) â”€â”€â”€â”€â”€â”€â”€â”€â”€â”€â”€â”€

    Error: browserType.launch: Target page, context or browser has been closed
    Browser logs:

    <launching> /home/hayato/.cache/ms-playwright/chromium_headless_shell-1194/chrome-linux/headless_shell --disable-field-trial-config --disable-background-networking --disable-background-timer-throttling --disable-backgrounding-occluded-windows --disable-back-forward-cache --disable-breakpad --disable-client-side-phishing-detection --disable-component-extensions-with-background-pages --disable-component-update --no-default-browser-check --disable-default-apps --disable-dev-shm-usage --disable-extensions --disable-features=AcceptCHFrame,AvoidUnnecessaryBeforeUnloadCheckSync,DestroyProfileOnBrowserClose,DialMediaRouteProvider,GlobalMediaControls,HttpsUpgrades,LensOverlay,MediaRouter,PaintHolding,ThirdPartyStoragePartitioning,Translate,AutoDeElevate,RenderDocument --enable-features=CDPScreenshotNewSurface --allow-pre-commit-input --disable-hang-monitor --disable-ipc-flooding-protection --disable-popup-blocking --disable-prompt-on-repost --disable-renderer-backgrounding --force-color-profile=srgb --metrics-recording-only --no-first-run --password-store=basic --use-mock-keychain --no-service-autorun --export-tagged-pdf --disable-search-engine-choice-screen --unsafely-disable-devtools-self-xss-warnings --edge-skip-compat-layer-relaunch --enable-automation --headless --hide-scrollbars --mute-audio --blink-settings=primaryHoverType=2,availableHoverTypes=2,primaryPointerType=4,availablePointerTypes=4 --no-sandbox --user-data-dir=/tmp/playwright_chromiumdev_profile-Lbognv --remote-debugging-pipe --no-startup-window
    <launched> pid=3205
    [pid=3205][err] /home/hayato/.cache/ms-playwright/chromium_headless_shell-1194/chrome-linux/headless_shell: error while loading shared libraries: libnspr4.so: cannot open shared object file: No such file or directory
    Call log:
    [2m  - <launching> /home/hayato/.cache/ms-playwright/chromium_headless_shell-1194/chrome-linux/headless_shell --disable-field-trial-config --disable-background-networking --disable-background-timer-throttling --disable-backgrounding-occluded-windows --disable-back-forward-cache --disable-breakpad --disable-client-side-phishing-detection --disable-component-extensions-with-background-pages --disable-component-update --no-default-browser-check --disable-default-apps --disable-dev-shm-usage --disable-extensions --disable-features=AcceptCHFrame,AvoidUnnecessaryBeforeUnloadCheckSync,DestroyProfileOnBrowserClose,DialMediaRouteProvider,GlobalMediaControls,HttpsUpgrades,LensOverlay,MediaRouter,PaintHolding,ThirdPartyStoragePartitioning,Translate,AutoDeElevate,RenderDocument --enable-features=CDPScreenshotNewSurface --allow-pre-commit-input --disable-hang-monitor --disable-ipc-flooding-protection --disable-popup-blocking --disable-prompt-on-repost --disable-renderer-backgrounding --force-color-profile=srgb --metrics-recording-only --no-first-run --password-store=basic --use-mock-keychain --no-service-autorun --export-tagged-pdf --disable-search-engine-choice-screen --unsafely-disable-devtools-self-xss-warnings --edge-skip-compat-layer-relaunch --enable-automation --headless --hide-scrollbars --mute-audio --blink-settings=primaryHoverType=2,availableHoverTypes=2,primaryPointerType=4,availablePointerTypes=4 --no-sandbox --user-data-dir=/tmp/playwright_chromiumdev_profile-Lbognv --remote-debugging-pipe --no-startup-window[22m
    [2m  - <launched> pid=3205[22m
    [2m  - [pid=3205][err] /home/hayato/.cache/ms-playwright/chromium_headless_shell-1194/chrome-linux/headless_shell: error while loading shared libraries: libnspr4.so: cannot open shared object file: No such file or directory[22m
    [2m  - [pid=3205] <gracefully close start>[22m
    [2m  - [pid=3205] <kill>[22m
    [2m  - [pid=3205] <will force kill>[22m
    [2m  - [pid=3205] exception while trying to kill process: Error: kill ESRCH[22m
    [2m  - [pid=3205] <process did exit: exitCode=127, signal=null>[22m
    [2m  - [pid=3205] starting temporary directories cleanup[22m
    [2m  - [pid=3205] finished temporary directories cleanup[22m
    [2m  - [pid=3205] <gracefully close end>[22m


  3) tests/e2e/orca-master.spec.ts:142:7 â€º ORCA master 422 ãƒãƒªãƒ‡ãƒ¼ã‚·ãƒ§ãƒ³ â€º SRYCD ãƒ•ã‚©ãƒ¼ãƒãƒƒãƒˆä¸æ­£ã§ 422 (MSW-E-01) 

    Error: browserType.launch: Target page, context or browser has been closed
    Browser logs:

    <launching> /home/hayato/.cache/ms-playwright/chromium_headless_shell-1194/chrome-linux/headless_shell --disable-field-trial-config --disable-background-networking --disable-background-timer-throttling --disable-backgrounding-occluded-windows --disable-back-forward-cache --disable-breakpad --disable-client-side-phishing-detection --disable-component-extensions-with-background-pages --disable-component-update --no-default-browser-check --disable-default-apps --disable-dev-shm-usage --disable-extensions --disable-features=AcceptCHFrame,AvoidUnnecessaryBeforeUnloadCheckSync,DestroyProfileOnBrowserClose,DialMediaRouteProvider,GlobalMediaControls,HttpsUpgrades,LensOverlay,MediaRouter,PaintHolding,ThirdPartyStoragePartitioning,Translate,AutoDeElevate,RenderDocument --enable-features=CDPScreenshotNewSurface --allow-pre-commit-input --disable-hang-monitor --disable-ipc-flooding-protection --disable-popup-blocking --disable-prompt-on-repost --disable-renderer-backgrounding --force-color-profile=srgb --metrics-recording-only --no-first-run --password-store=basic --use-mock-keychain --no-service-autorun --export-tagged-pdf --disable-search-engine-choice-screen --unsafely-disable-devtools-self-xss-warnings --edge-skip-compat-layer-relaunch --enable-automation --headless --hide-scrollbars --mute-audio --blink-settings=primaryHoverType=2,availableHoverTypes=2,primaryPointerType=4,availablePointerTypes=4 --no-sandbox --user-data-dir=/tmp/playwright_chromiumdev_profile-kWPe70 --remote-debugging-pipe --no-startup-window
    <launched> pid=3231
    [pid=3231][err] /home/hayato/.cache/ms-playwright/chromium_headless_shell-1194/chrome-linux/headless_shell: error while loading shared libraries: libnspr4.so: cannot open shared object file: No such file or directory
    Call log:
    [2m  - <launching> /home/hayato/.cache/ms-playwright/chromium_headless_shell-1194/chrome-linux/headless_shell --disable-field-trial-config --disable-background-networking --disable-background-timer-throttling --disable-backgrounding-occluded-windows --disable-back-forward-cache --disable-breakpad --disable-client-side-phishing-detection --disable-component-extensions-with-background-pages --disable-component-update --no-default-browser-check --disable-default-apps --disable-dev-shm-usage --disable-extensions --disable-features=AcceptCHFrame,AvoidUnnecessaryBeforeUnloadCheckSync,DestroyProfileOnBrowserClose,DialMediaRouteProvider,GlobalMediaControls,HttpsUpgrades,LensOverlay,MediaRouter,PaintHolding,ThirdPartyStoragePartitioning,Translate,AutoDeElevate,RenderDocument --enable-features=CDPScreenshotNewSurface --allow-pre-commit-input --disable-hang-monitor --disable-ipc-flooding-protection --disable-popup-blocking --disable-prompt-on-repost --disable-renderer-backgrounding --force-color-profile=srgb --metrics-recording-only --no-first-run --password-store=basic --use-mock-keychain --no-service-autorun --export-tagged-pdf --disable-search-engine-choice-screen --unsafely-disable-devtools-self-xss-warnings --edge-skip-compat-layer-relaunch --enable-automation --headless --hide-scrollbars --mute-audio --blink-settings=primaryHoverType=2,availableHoverTypes=2,primaryPointerType=4,availablePointerTypes=4 --no-sandbox --user-data-dir=/tmp/playwright_chromiumdev_profile-kWPe70 --remote-debugging-pipe --no-startup-window[22m
    [2m  - <launched> pid=3231[22m
    [2m  - [pid=3231][err] /home/hayato/.cache/ms-playwright/chromium_headless_shell-1194/chrome-linux/headless_shell: error while loading shared libraries: libnspr4.so: cannot open shared object file: No such file or directory[22m
    [2m  - [pid=3231] <gracefully close start>[22m
    [2m  - [pid=3231] <kill>[22m
    [2m  - [pid=3231] <will force kill>[22m
    [2m  - [pid=3231] exception while trying to kill process: Error: kill ESRCH[22m
    [2m  - [pid=3231] <process did exit: exitCode=127, signal=null>[22m
    [2m  - [pid=3231] starting temporary directories cleanup[22m
    [2m  - [pid=3231] finished temporary directories cleanup[22m
    [2m  - [pid=3231] <gracefully close end>[22m


  4) tests/e2e/orca-master.spec.ts:153:7 â€º ORCA master 422 ãƒãƒªãƒ‡ãƒ¼ã‚·ãƒ§ãƒ³ â€º ä½æ‰€éƒµä¾¿ç•ªå·ãƒ•ã‚©ãƒ¼ãƒãƒƒãƒˆä¸æ­£ã§ 422 (MSW-E-03) 

    Error: browserType.launch: Target page, context or browser has been closed
    Browser logs:

    <launching> /home/hayato/.cache/ms-playwright/chromium_headless_shell-1194/chrome-linux/headless_shell --disable-field-trial-config --disable-background-networking --disable-background-timer-throttling --disable-backgrounding-occluded-windows --disable-back-forward-cache --disable-breakpad --disable-client-side-phishing-detection --disable-component-extensions-with-background-pages --disable-component-update --no-default-browser-check --disable-default-apps --disable-dev-shm-usage --disable-extensions --disable-features=AcceptCHFrame,AvoidUnnecessaryBeforeUnloadCheckSync,DestroyProfileOnBrowserClose,DialMediaRouteProvider,GlobalMediaControls,HttpsUpgrades,LensOverlay,MediaRouter,PaintHolding,ThirdPartyStoragePartitioning,Translate,AutoDeElevate,RenderDocument --enable-features=CDPScreenshotNewSurface --allow-pre-commit-input --disable-hang-monitor --disable-ipc-flooding-protection --disable-popup-blocking --disable-prompt-on-repost --disable-renderer-backgrounding --force-color-profile=srgb --metrics-recording-only --no-first-run --password-store=basic --use-mock-keychain --no-service-autorun --export-tagged-pdf --disable-search-engine-choice-screen --unsafely-disable-devtools-self-xss-warnings --edge-skip-compat-layer-relaunch --enable-automation --headless --hide-scrollbars --mute-audio --blink-settings=primaryHoverType=2,availableHoverTypes=2,primaryPointerType=4,availablePointerTypes=4 --no-sandbox --user-data-dir=/tmp/playwright_chromiumdev_profile-iKeM57 --remote-debugging-pipe --no-startup-window
    <launched> pid=3270
    [pid=3270][err] /home/hayato/.cache/ms-playwright/chromium_headless_shell-1194/chrome-linux/headless_shell: error while loading shared libraries: libnspr4.so: cannot open shared object file: No such file or directory
    Call log:
    [2m  - <launching> /home/hayato/.cache/ms-playwright/chromium_headless_shell-1194/chrome-linux/headless_shell --disable-field-trial-config --disable-background-networking --disable-background-timer-throttling --disable-backgrounding-occluded-windows --disable-back-forward-cache --disable-breakpad --disable-client-side-phishing-detection --disable-component-extensions-with-background-pages --disable-component-update --no-default-browser-check --disable-default-apps --disable-dev-shm-usage --disable-extensions --disable-features=AcceptCHFrame,AvoidUnnecessaryBeforeUnloadCheckSync,DestroyProfileOnBrowserClose,DialMediaRouteProvider,GlobalMediaControls,HttpsUpgrades,LensOverlay,MediaRouter,PaintHolding,ThirdPartyStoragePartitioning,Translate,AutoDeElevate,RenderDocument --enable-features=CDPScreenshotNewSurface --allow-pre-commit-input --disable-hang-monitor --disable-ipc-flooding-protection --disable-popup-blocking --disable-prompt-on-repost --disable-renderer-backgrounding --force-color-profile=srgb --metrics-recording-only --no-first-run --password-store=basic --use-mock-keychain --no-service-autorun --export-tagged-pdf --disable-search-engine-choice-screen --unsafely-disable-devtools-self-xss-warnings --edge-skip-compat-layer-relaunch --enable-automation --headless --hide-scrollbars --mute-audio --blink-settings=primaryHoverType=2,availableHoverTypes=2,primaryPointerType=4,availablePointerTypes=4 --no-sandbox --user-data-dir=/tmp/playwright_chromiumdev_profile-iKeM57 --remote-debugging-pipe --no-startup-window[22m
    [2m  - <launched> pid=3270[22m
    [2m  - [pid=3270][err] /home/hayato/.cache/ms-playwright/chromium_headless_shell-1194/chrome-linux/headless_shell: error while loading shared libraries: libnspr4.so: cannot open shared object file: No such file or directory[22m
    [2m  - [pid=3270] <gracefully close start>[22m
    [2m  - [pid=3270] <kill>[22m
    [2m  - [pid=3270] <will force kill>[22m
    [2m  - [pid=3270] exception while trying to kill process: Error: kill ESRCH[22m
    [2m  - [pid=3270] <process did exit: exitCode=127, signal=null>[22m
    [2m  - [pid=3270] starting temporary directories cleanup[22m
    [2m  - [pid=3270] finished temporary directories cleanup[22m
    [2m  - [pid=3270] <gracefully close end>[22m


  4 failed
    tests/e2e/orca-master.spec.ts:116:7 â€º ORCA master MSW æ­£å¸¸ç³» â€º è–¬åŠ¹ãƒ„ãƒªãƒ¼ãŒè¡¨ç¤ºã•ã‚Œã‚‹ (MSW-N-01) â”€â”€â”€â”€â”€â”€â”€â”€â”€â”€â”€â”€â”€
    tests/e2e/orca-master.spec.ts:127:7 â€º ORCA master MSW æ­£å¸¸ç³» â€º é›»å­ç‚¹æ•°è¡¨ãŒå–å¾—ã§ãã‚‹ (MSW-N-08) â”€â”€â”€â”€â”€â”€â”€â”€â”€â”€â”€â”€â”€
    tests/e2e/orca-master.spec.ts:142:7 â€º ORCA master 422 ãƒãƒªãƒ‡ãƒ¼ã‚·ãƒ§ãƒ³ â€º SRYCD ãƒ•ã‚©ãƒ¼ãƒãƒƒãƒˆä¸æ­£ã§ 422 (MSW-E-01) â”€
    tests/e2e/orca-master.spec.ts:153:7 â€º ORCA master 422 ãƒãƒªãƒ‡ãƒ¼ã‚·ãƒ§ãƒ³ â€º ä½æ‰€éƒµä¾¿ç•ªå·ãƒ•ã‚©ãƒ¼ãƒãƒƒãƒˆä¸æ­£ã§ 422 (MSW-E-03) â”€
  5 skipped

> e2e:smoke
> node scripts/e2e-smoke-runner.mjs --grep @master-bridge --runId=20251124T073245Z --reporter=list


> e2e:smoke
> node scripts/e2e-smoke-runner.mjs --grep @master-bridge --runId=20251124T073245Z --reporter=list

Error: No tests found.
Make sure that arguments are regular expressions matching test files.
You may need to escape symbols like "$" or "*" and quote the arguments.


> e2e:smoke
> node scripts/e2e-smoke-runner.mjs --grep @master-bridge --runId=20251124T073245Z --reporter=list


Running 1 test using 1 worker

  âœ˜  1 tests/e2e/orca-master-bridge.smoke.spec.ts:42:5 â€º @master-bridge ORCA master audit smoke (1.4s)


  1) tests/e2e/orca-master-bridge.smoke.spec.ts:42:5 â€º @master-bridge ORCA master audit smoke â”€â”€â”€â”€â”€â”€

    Error: page.goto: net::ERR_CERT_AUTHORITY_INVALID at https://localhost:4173/charts/72001?msw=1
    Call log:
    [2m  - navigating to "https://localhost:4173/charts/72001?msw=1", waiting until "load"[22m


       at tests/e2e/helpers/orcaMaster.ts:106

      104 |
      105 | export async function gotoOrcaMaster(page: Page, path: string = defaultChartPath) {
    > 106 |   await page.goto(`${baseUrl}${path}`);
          |              ^
      107 | }
      108 |
      109 | export async function mockTensuNameSuccess(page: Page) {
        at gotoOrcaMaster (/mnt/c/Users/marug/Documents/OpenDolphin_WebClient/tests/e2e/helpers/orcaMaster.ts:106:14)
        at /mnt/c/Users/marug/Documents/OpenDolphin_WebClient/tests/e2e/orca-master-bridge.smoke.spec.ts:44:23

  1 failed
    tests/e2e/orca-master-bridge.smoke.spec.ts:42:5 â€º @master-bridge ORCA master audit smoke â”€â”€â”€â”€â”€â”€â”€

> e2e:smoke
> node scripts/e2e-smoke-runner.mjs --grep @master-bridge --runId=20251124T073245Z --reporter=list


Running 1 test using 1 worker

  âœ˜  1 tests/e2e/orca-master-bridge.smoke.spec.ts:44:5 â€º @master-bridge ORCA master audit smoke (8.1s)


  1) tests/e2e/orca-master-bridge.smoke.spec.ts:44:5 â€º @master-bridge ORCA master audit smoke â”€â”€â”€â”€â”€â”€

    SyntaxError: Unexpected token < in JSON at position 0

      51 |   await page.evaluate(() => fetch('/orca/master/generic-class'));
      52 |   const primaryJson = (await primaryResponsePromise).json() as Promise<AuditMeta>;
    > 53 |   const primaryMeta = await primaryJson;
         |                       ^
      54 |   expectMeta(primaryMeta, { missingMaster: false, fallbackUsed: false });
      55 |   logMeta('primary', primaryMeta);
      56 |
        at /mnt/c/Users/marug/Documents/OpenDolphin_WebClient/tests/e2e/orca-master-bridge.smoke.spec.ts:53:23

    Error Context: test-results/tests-e2e-orca-master-brid-bc038-dge-ORCA-master-audit-smoke/error-context.md

  1 failed
    tests/e2e/orca-master-bridge.smoke.spec.ts:44:5 â€º @master-bridge ORCA master audit smoke â”€â”€â”€â”€â”€â”€â”€

> e2e:smoke
> node scripts/e2e-smoke-runner.mjs --grep @master-bridge --runId=20251124T073245Z --reporter=list


Running 1 test using 1 worker

  âœ˜  1 tests/e2e/orca-master-bridge.smoke.spec.ts:44:5 â€º @master-bridge ORCA master audit smoke (30.1s)


  1) tests/e2e/orca-master-bridge.smoke.spec.ts:44:5 â€º @master-bridge ORCA master audit smoke â”€â”€â”€â”€â”€â”€

    [31mTest timeout of 30000ms exceeded.[39m

    Error: page.waitForFunction: Test timeout of 30000ms exceeded.

      45 |   await seedAuthSession(page);
      46 |   await gotoOrcaMaster(page);
    > 47 |   await page.waitForFunction(async () => {
         |              ^
      48 |     if (!('serviceWorker' in navigator)) return false;
      49 |     const registration = await navigator.serviceWorker.ready;
      50 |     return !!registration?.active;
        at /mnt/c/Users/marug/Documents/OpenDolphin_WebClient/tests/e2e/orca-master-bridge.smoke.spec.ts:47:14

    Error Context: test-results/tests-e2e-orca-master-brid-bc038-dge-ORCA-master-audit-smoke/error-context.md

  1 failed
    tests/e2e/orca-master-bridge.smoke.spec.ts:44:5 â€º @master-bridge ORCA master audit smoke â”€â”€â”€â”€â”€â”€â”€

> e2e:smoke
> node scripts/e2e-smoke-runner.mjs --grep @master-bridge --runId=20251124T073245Z --reporter=list


Running 1 test using 1 worker

  âœ˜  1 tests/e2e/orca-master-bridge.smoke.spec.ts:44:5 â€º @master-bridge ORCA master audit smoke (30.1s)


  1) tests/e2e/orca-master-bridge.smoke.spec.ts:44:5 â€º @master-bridge ORCA master audit smoke â”€â”€â”€â”€â”€â”€

    [31mTest timeout of 30000ms exceeded.[39m

    Error: page.waitForFunction: Test timeout of 30000ms exceeded.

      45 |   await seedAuthSession(page);
      46 |   await gotoOrcaMaster(page);
    > 47 |   await page.waitForFunction(async () => {
         |              ^
      48 |     if (!('serviceWorker' in navigator)) return false;
      49 |     const registration = await navigator.serviceWorker.ready;
      50 |     return !!registration?.active;
        at /mnt/c/Users/marug/Documents/OpenDolphin_WebClient/tests/e2e/orca-master-bridge.smoke.spec.ts:47:14

    Error Context: test-results/tests-e2e-orca-master-brid-bc038-dge-ORCA-master-audit-smoke/error-context.md

  1 failed
    tests/e2e/orca-master-bridge.smoke.spec.ts:44:5 â€º @master-bridge ORCA master audit smoke â”€â”€â”€â”€â”€â”€â”€

> e2e:smoke
> node scripts/e2e-smoke-runner.mjs --grep @master-bridge --runId=20251124T073245Z --reporter=list


Running 1 test using 1 worker

  âœ˜  1 tests/e2e/orca-master-bridge.smoke.spec.ts:44:5 â€º @master-bridge ORCA master audit smoke (458ms)


  1) tests/e2e/orca-master-bridge.smoke.spec.ts:44:5 â€º @master-bridge ORCA master audit smoke â”€â”€â”€â”€â”€â”€

    SyntaxError: Unexpected token < in JSON at position 0

      63 |   await page.evaluate(() => fetch('/orca/master/generic-class'));
      64 |   const primaryJson = (await primaryResponsePromise).json() as Promise<AuditMeta>;
    > 65 |   const primaryMeta = await primaryJson;
         |                       ^
      66 |   expectMeta(primaryMeta, { missingMaster: false, fallbackUsed: false });
      67 |   logMeta('primary', primaryMeta);
      68 |
        at /mnt/c/Users/marug/Documents/OpenDolphin_WebClient/tests/e2e/orca-master-bridge.smoke.spec.ts:65:23

    Error Context: test-results/tests-e2e-orca-master-brid-bc038-dge-ORCA-master-audit-smoke/error-context.md

  1 failed
    tests/e2e/orca-master-bridge.smoke.spec.ts:44:5 â€º @master-bridge ORCA master audit smoke â”€â”€â”€â”€â”€â”€â”€

> e2e:smoke
> node scripts/e2e-smoke-runner.mjs --grep @master-bridge --runId=20251124T073245Z --reporter=list


Running 1 test using 1 worker

[master-bridge] primary {"runId":"20251124T073245Z","dataSource":"mock","cacheHit":false,"missingMaster":false,"fallbackUsed":false,"dataSourceTransition":{"from":"mock","to":"mock","reason":"smoke_stub"},"snapshotVersion":null}
[master-bridge] fallback {"runId":"20251124T073245Z","dataSource":"mock","cacheHit":false,"missingMaster":true,"fallbackUsed":true,"dataSourceTransition":{"from":"mock","to":"mock","reason":"smoke_stub"},"snapshotVersion":null}
  âœ“  1 tests/e2e/orca-master-bridge.smoke.spec.ts:44:5 â€º @master-bridge ORCA master audit smoke (480ms)

  1 passed (21.3s)

> e2e:smoke
> node scripts/e2e-smoke-runner.mjs --grep @master-bridge --runId=20251124T073245Z --reporter=list


Running 1 test using 1 worker

[master-bridge] primary {"runId":"20251124T073245Z","dataSource":"snapshot","cacheHit":false,"missingMaster":false,"fallbackUsed":false,"dataSourceTransition":{"from":"snapshot","to":"snapshot","reason":"smoke_stub"},"snapshotVersion":null}
[master-bridge] fallback {"runId":"20251124T073245Z","dataSource":"snapshot","cacheHit":false,"missingMaster":true,"fallbackUsed":true,"dataSourceTransition":{"from":"snapshot","to":"snapshot","reason":"smoke_stub"},"snapshotVersion":null}
  âœ“  1 tests/e2e/orca-master-bridge.smoke.spec.ts:44:5 â€º @master-bridge ORCA master audit smoke (4.5s)

  1 passed (25.0s)

> e2e:smoke
> node scripts/e2e-smoke-runner.mjs --grep @master-bridge --runId=20251124T073245Z --reporter=list


Running 1 test using 1 worker

[master-bridge] primary {"runId":"20251124T073245Z","dataSource":"server","cacheHit":false,"missingMaster":false,"fallbackUsed":false,"dataSourceTransition":{"from":"server","to":"server","reason":"smoke_stub"},"snapshotVersion":null}
[master-bridge] fallback {"runId":"20251124T073245Z","dataSource":"server","cacheHit":false,"missingMaster":true,"fallbackUsed":true,"dataSourceTransition":{"from":"server","to":"server","reason":"smoke_stub"},"snapshotVersion":null}
  âœ“  1 tests/e2e/orca-master-bridge.smoke.spec.ts:44:5 â€º @master-bridge ORCA master audit smoke (4.5s)

  1 passed (24.8s)

> e2e:smoke
> node scripts/e2e-smoke-runner.mjs --grep @master-bridge --runId=20251124T073245Z --reporter=list


Running 1 test using 1 worker

[master-bridge] primary_raw {"Code":404,"Message":"code=404, message=Not Found"}
  âœ˜  1 tests/e2e/orca-master-bridge.smoke.spec.ts:47:5 â€º @master-bridge ORCA master audit smoke (4.8s)


  1) tests/e2e/orca-master-bridge.smoke.spec.ts:47:5 â€º @master-bridge ORCA master audit smoke â”€â”€â”€â”€â”€â”€

    Error: [2mexpect([22m[31mreceived[39m[2m).[22mtoBe[2m([22m[32mexpected[39m[2m) // Object.is equality[22m

    Expected: [32m"20251124T073245Z"[39m
    Received: [31mundefined[39m

      37 |
      38 | const expectMeta = (meta: AuditMeta, expected: { missingMaster: boolean; fallbackUsed: boolean }) => {
    > 39 |   expect(meta.runId).toBe(runId);
         |                      ^
      40 |   expect(meta.dataSource).toBeDefined();
      41 |   expect(meta.cacheHit).not.toBeUndefined();
      42 |   expect(meta.missingMaster).toBe(expected.missingMaster);
        at expectMeta (/mnt/c/Users/marug/Documents/OpenDolphin_WebClient/tests/e2e/orca-master-bridge.smoke.spec.ts:39:22)
        at /mnt/c/Users/marug/Documents/OpenDolphin_WebClient/tests/e2e/orca-master-bridge.smoke.spec.ts:96:3

    Error Context: test-results/tests-e2e-orca-master-brid-bc038-dge-ORCA-master-audit-smoke/error-context.md

  1 failed
    tests/e2e/orca-master-bridge.smoke.spec.ts:47:5 â€º @master-bridge ORCA master audit smoke â”€â”€â”€â”€â”€â”€â”€
