#1 [internal] load local bake definitions
#1 reading from stdin 845B done
#1 DONE 0.0s

#2 [server internal] load build definition from Dockerfile.legacy
#2 DONE 0.0s

#3 [server-modernized-dev internal] load build definition from Dockerfile
#3 transferring dockerfile: 5.10kB done
#3 DONE 0.0s

#2 [server internal] load build definition from Dockerfile.legacy
#2 transferring dockerfile: 4.56kB done
#2 DONE 0.0s

#4 [auth] docker/dockerfile:pull token for registry-1.docker.io
#4 DONE 0.0s

#5 [server] resolve image config for docker-image://docker.io/docker/dockerfile:1.7
#5 DONE 1.9s

#6 [server-modernized-dev] docker-image://docker.io/docker/dockerfile:1.7@sha256:a57df69d0ea827fb7266491f2813635de6f17269be881f696fbfdf2d83dda33e
#6 resolve docker.io/docker/dockerfile:1.7@sha256:a57df69d0ea827fb7266491f2813635de6f17269be881f696fbfdf2d83dda33e 0.0s done
#6 CACHED

#7 [auth] jboss/wildfly:pull token for registry-1.docker.io
#7 DONE 0.0s

#8 [auth] library/maven:pull token for registry-1.docker.io
#8 DONE 0.0s

#9 [server-modernized-dev internal] load metadata for docker.io/library/maven:3.9.6-eclipse-temurin-17
#9 ...

#10 [server internal] load metadata for docker.io/jboss/wildfly:10.1.0.Final
#10 DONE 0.9s

#11 [server-modernized-dev internal] load metadata for quay.io/wildfly/wildfly:33.0.2.Final-jdk17
#11 DONE 0.9s

#9 [server-modernized-dev internal] load metadata for docker.io/library/maven:3.9.6-eclipse-temurin-17
#9 DONE 0.9s

#12 [server internal] load .dockerignore
#12 transferring context: 133B done
#12 DONE 0.0s

#13 [server-modernized-dev internal] load .dockerignore
#13 transferring context: 133B done
#13 DONE 0.0s

#14 [server stage-1  1/15] FROM docker.io/jboss/wildfly:10.1.0.Final@sha256:455b5f3b2ec9cd206e879b776fa854e09c1a0f534362de57c858906561c4128d
#14 resolve docker.io/jboss/wildfly:10.1.0.Final@sha256:455b5f3b2ec9cd206e879b776fa854e09c1a0f534362de57c858906561c4128d 0.0s done
#14 DONE 0.0s

#15 [server-modernized-dev build  1/19] FROM docker.io/library/maven:3.9.6-eclipse-temurin-17@sha256:29a1658b1f3078e07c2b17f7b519b45eb47f65d9628e887eac45a8c5c8f939d4
#15 resolve docker.io/library/maven:3.9.6-eclipse-temurin-17@sha256:29a1658b1f3078e07c2b17f7b519b45eb47f65d9628e887eac45a8c5c8f939d4 0.0s done
#15 DONE 0.0s

#16 [server-modernized-dev stage-1  1/17] FROM quay.io/wildfly/wildfly:33.0.2.Final-jdk17@sha256:72d2a8a60c5422d0f929bfaf329c9fcf5df26d402ff8bb8b10297ff4f714c33a
#16 resolve quay.io/wildfly/wildfly:33.0.2.Final-jdk17@sha256:72d2a8a60c5422d0f929bfaf329c9fcf5df26d402ff8bb8b10297ff4f714c33a 0.0s done
#16 DONE 0.0s

#17 [server-modernized-dev internal] load build context
#17 transferring context: 169.62kB 0.1s done
#17 DONE 0.1s

#18 [server-modernized-dev build  2/19] WORKDIR /workspace
#18 CACHED

#19 [server-modernized-dev build  3/18] COPY pom.xml ./
#19 CACHED

#20 [server-modernized-dev build  4/18] RUN grep -v '<module>server</module>' pom.xml | grep -v '<module>client</module>' > pom.server-modernized.xml
#20 CACHED

#21 [server-modernized-dev build  5/18] COPY common ./common
#21 CACHED

#22 [server-modernized-dev stage-1  3/17] COPY ops/assets/fonts/NotoSansCJKjp-Regular.otf /usr/share/fonts/opendolphin/NotoSansCJKjp-Regular.otf
#22 CACHED

#23 [server-modernized-dev stage-1  2/17] RUN mkdir -p /usr/share/fonts/opendolphin
#23 CACHED

#24 [server-modernized-dev stage-1  4/17] RUN chmod 644 /usr/share/fonts/opendolphin/NotoSansCJKjp-Regular.otf
#24 CACHED

#25 [server internal] load build context
#25 transferring context: 194.50kB 0.1s done
#25 DONE 0.1s

#26 [server stage-1  2/15] RUN mkdir -p /usr/share/fonts/opendolphin
#26 CACHED

#27 [server stage-1  3/15] COPY ops/assets/fonts/NotoSansCJKjp-Regular.otf /usr/share/fonts/opendolphin/NotoSansCJKjp-Regular.otf
#27 CACHED

#28 [server build 12/19] RUN mvn -N -f pom.server-classic.xml -s /tmp/maven-settings.xml -B dependency:get -Dartifact=org.postgresql:postgresql:42.7.3
#28 CACHED

#29 [server build 11/19] RUN mvn -N -f pom.server-classic.xml -s /tmp/maven-settings.xml -B install:install-file -Dfile=ext_lib/AppleJavaExtensions.jar -DgroupId=com.apple -DartifactId=AppleJavaExtensions -Dversion=1.6 -Dpackaging=jar
#29 CACHED

#30 [server build  9/19] COPY ops/shared/docker/settings.xml /tmp/maven-settings.xml
#30 CACHED

#31 [server build  8/19] COPY ext_lib ./ext_lib
#31 CACHED

#32 [server build  6/19] COPY server ./server
#32 CACHED

#33 [server build  3/19] COPY pom.xml ./
#33 CACHED

#34 [server build  4/19] RUN sed '/<module>server-modernized<\/module>/d' pom.xml > pom.server-classic.xml
#34 CACHED

#35 [server build  5/19] COPY common ./common
#35 CACHED

#36 [server build  7/19] COPY client ./client
#36 CACHED

#37 [server build 10/19] RUN mvn -N -f pom.server-classic.xml -s /tmp/maven-settings.xml -B install:install-file -Dfile=ext_lib/iTextAsian.jar -DgroupId=opendolphin -DartifactId=itext-font -Dversion=1.0 -Dpackaging=jar
#37 CACHED

#18 [server build  2/19] WORKDIR /workspace
#18 CACHED

#38 [server stage-1  4/15] RUN chmod 644 /usr/share/fonts/opendolphin/NotoSansCJKjp-Regular.otf
#38 CACHED

#39 [server build 13/19] RUN mvn -N -f pom.server-classic.xml -s /tmp/maven-settings.xml -B dependency:get -Dartifact=org.hibernate:hibernate-core:5.0.10.Final
#39 CACHED

#40 [server-modernized-dev build  6/18] COPY reporting ./reporting
#40 DONE 0.0s

#41 [server-modernized-dev build  7/18] COPY server-modernized ./server-modernized
#41 DONE 0.2s

#42 [server build 14/19] RUN mvn -N -f pom.server-classic.xml -s /tmp/maven-settings.xml -B dependency:get -Dartifact=javax.jms:javax.jms-api:2.0.1
#42 ...

#43 [server-modernized-dev build  8/18] COPY ext_lib ./ext_lib
#43 DONE 0.3s

#44 [server-modernized-dev build  9/18] COPY ops/shared/docker/settings.xml /tmp/maven-settings.xml
#44 DONE 0.0s

#45 [server-modernized-dev build 10/18] RUN mvn -N -f pom.server-modernized.xml -s /tmp/maven-settings.xml -B install:install-file -Dfile=ext_lib/iTextAsian.jar -DgroupId=opendolphin -DartifactId=itext-font -Dversion=1.0 -Dpackaging=jar
#45 1.200 [INFO] Scanning for projects...
#45 1.467 [INFO] Downloading from central: https://repo.maven.apache.org/maven2/org/apache/maven/plugins/maven-clean-plugin/3.2.0/maven-clean-plugin-3.2.0.pom
#45 1.993 [INFO] Downloaded from central: https://repo.maven.apache.org/maven2/org/apache/maven/plugins/maven-clean-plugin/3.2.0/maven-clean-plugin-3.2.0.pom (5.3 kB at 10 kB/s)
#45 2.043 [INFO] Downloading from central: https://repo.maven.apache.org/maven2/org/apache/maven/plugins/maven-plugins/35/maven-plugins-35.pom
#45 2.174 [INFO] Downloaded from central: https://repo.maven.apache.org/maven2/org/apache/maven/plugins/maven-plugins/35/maven-plugins-35.pom (9.9 kB at 73 kB/s)
#45 2.174 [INFO] Downloading from central: https://repo.maven.apache.org/maven2/org/apache/maven/maven-parent/35/maven-parent-35.pom
#45 2.258 [INFO] Downloaded from central: https://repo.maven.apache.org/maven2/org/apache/maven/maven-parent/35/maven-parent-35.pom (45 kB at 520 kB/s)
#45 2.263 [INFO] Downloading from central: https://repo.maven.apache.org/maven2/org/apache/apache/25/apache-25.pom
#45 2.339 [INFO] Downloaded from central: https://repo.maven.apache.org/maven2/org/apache/apache/25/apache-25.pom (21 kB at 267 kB/s)
#45 2.358 [INFO] Downloading from central: https://repo.maven.apache.org/maven2/org/apache/maven/plugins/maven-clean-plugin/3.2.0/maven-clean-plugin-3.2.0.jar
#45 2.453 [INFO] Downloaded from central: https://repo.maven.apache.org/maven2/org/apache/maven/plugins/maven-clean-plugin/3.2.0/maven-clean-plugin-3.2.0.jar (36 kB at 376 kB/s)
#45 2.460 [INFO] Downloading from central: https://repo.maven.apache.org/maven2/org/apache/maven/plugins/maven-install-plugin/3.1.1/maven-install-plugin-3.1.1.pom
#45 2.516 [INFO] Downloaded from central: https://repo.maven.apache.org/maven2/org/apache/maven/plugins/maven-install-plugin/3.1.1/maven-install-plugin-3.1.1.pom (7.8 kB at 140 kB/s)
#45 2.519 [INFO] Downloading from central: https://repo.maven.apache.org/maven2/org/apache/maven/plugins/maven-plugins/39/maven-plugins-39.pom
#45 2.595 [INFO] Downloaded from central: https://repo.maven.apache.org/maven2/org/apache/maven/plugins/maven-plugins/39/maven-plugins-39.pom (8.1 kB at 105 kB/s)
#45 2.599 [INFO] Downloading from central: https://repo.maven.apache.org/maven2/org/apache/maven/maven-parent/39/maven-parent-39.pom
#45 2.671 [INFO] Downloaded from central: https://repo.maven.apache.org/maven2/org/apache/maven/maven-parent/39/maven-parent-39.pom (48 kB at 657 kB/s)
#45 2.679 [INFO] Downloading from central: https://repo.maven.apache.org/maven2/org/apache/apache/29/apache-29.pom
#45 2.750 [INFO] Downloaded from central: https://repo.maven.apache.org/maven2/org/apache/apache/29/apache-29.pom (21 kB at 288 kB/s)
#45 2.755 [INFO] Downloading from central: https://repo.maven.apache.org/maven2/org/apache/maven/plugins/maven-install-plugin/3.1.1/maven-install-plugin-3.1.1.jar
#45 2.840 [INFO] Downloaded from central: https://repo.maven.apache.org/maven2/org/apache/maven/plugins/maven-install-plugin/3.1.1/maven-install-plugin-3.1.1.jar (31 kB at 372 kB/s)
#45 2.854 [INFO] 
#45 2.854 [INFO] ----------------------< opendolphin:opendolphin >-----------------------
#45 2.854 [INFO] Building OpenDolphin 2.7.1
#45 2.854 [INFO]   from pom.server-modernized.xml
#45 2.854 [INFO] --------------------------------[ pom ]---------------------------------
#45 2.857 [INFO] 
#45 2.857 [INFO] --- install:3.1.1:install-file (default-cli) @ opendolphin ---
#45 2.867 [INFO] Downloading from central: https://repo.maven.apache.org/maven2/org/eclipse/aether/aether-util/1.0.0.v20140518/aether-util-1.0.0.v20140518.pom
#45 2.947 [INFO] Downloaded from central: https://repo.maven.apache.org/maven2/org/eclipse/aether/aether-util/1.0.0.v20140518/aether-util-1.0.0.v20140518.pom (2.2 kB at 27 kB/s)
#45 2.949 [INFO] Downloading from central: https://repo.maven.apache.org/maven2/org/eclipse/aether/aether/1.0.0.v20140518/aether-1.0.0.v20140518.pom
#45 3.089 [INFO] Downloaded from central: https://repo.maven.apache.org/maven2/org/eclipse/aether/aether/1.0.0.v20140518/aether-1.0.0.v20140518.pom (30 kB at 217 kB/s)
#45 3.093 [INFO] Downloading from central: https://repo.maven.apache.org/maven2/org/eclipse/aether/aether-api/1.0.0.v20140518/aether-api-1.0.0.v20140518.pom
#45 3.161 [INFO] Downloaded from central: https://repo.maven.apache.org/maven2/org/eclipse/aether/aether-api/1.0.0.v20140518/aether-api-1.0.0.v20140518.pom (1.9 kB at 28 kB/s)
#45 3.164 [INFO] Downloading from central: https://repo.maven.apache.org/maven2/org/codehaus/plexus/plexus-utils/3.5.0/plexus-utils-3.5.0.pom
#45 3.206 [INFO] Downloaded from central: https://repo.maven.apache.org/maven2/org/codehaus/plexus/plexus-utils/3.5.0/plexus-utils-3.5.0.pom (8.0 kB at 191 kB/s)
#45 3.208 [INFO] Downloading from central: https://repo.maven.apache.org/maven2/org/codehaus/plexus/plexus/10/plexus-10.pom
#45 3.287 [INFO] Downloaded from central: https://repo.maven.apache.org/maven2/org/codehaus/plexus/plexus/10/plexus-10.pom (25 kB at 321 kB/s)
#45 3.296 [INFO] Downloading from central: https://repo.maven.apache.org/maven2/org/eclipse/aether/aether-util/1.0.0.v20140518/aether-util-1.0.0.v20140518.jar
#45 3.377 [INFO] Downloaded from central: https://repo.maven.apache.org/maven2/org/eclipse/aether/aether-util/1.0.0.v20140518/aether-util-1.0.0.v20140518.jar (146 kB at 1.8 MB/s)
#45 3.378 [INFO] Downloading from central: https://repo.maven.apache.org/maven2/org/eclipse/aether/aether-api/1.0.0.v20140518/aether-api-1.0.0.v20140518.jar
#45 3.379 [INFO] Downloading from central: https://repo.maven.apache.org/maven2/org/codehaus/plexus/plexus-utils/3.5.0/plexus-utils-3.5.0.jar
#45 3.454 [INFO] Downloaded from central: https://repo.maven.apache.org/maven2/org/eclipse/aether/aether-api/1.0.0.v20140518/aether-api-1.0.0.v20140518.jar (136 kB at 1.8 MB/s)
#45 3.542 [INFO] Downloaded from central: https://repo.maven.apache.org/maven2/org/codehaus/plexus/plexus-utils/3.5.0/plexus-utils-3.5.0.jar (267 kB at 1.6 MB/s)
#45 3.569 [INFO] pom.xml not found in iTextAsian.jar
#45 3.578 [INFO] Installing /workspace/ext_lib/iTextAsian.jar to /root/.m2/repository/opendolphin/itext-font/1.0/itext-font-1.0.jar
#45 3.581 [INFO] Installing /tmp/mvninstall9138207368954737441.pom to /root/.m2/repository/opendolphin/itext-font/1.0/itext-font-1.0.pom
#45 3.584 [INFO] ------------------------------------------------------------------------
#45 3.584 [INFO] BUILD SUCCESS
#45 3.584 [INFO] ------------------------------------------------------------------------
#45 3.585 [INFO] Total time:  2.411 s
#45 3.586 [INFO] Finished at: 2025-11-09T07:11:38Z
#45 3.586 [INFO] ------------------------------------------------------------------------
#45 DONE 3.7s

#42 [server build 14/19] RUN mvn -N -f pom.server-classic.xml -s /tmp/maven-settings.xml -B dependency:get -Dartifact=javax.jms:javax.jms-api:2.0.1
#42 1.386 [INFO] Scanning for projects...
#42 1.564 [INFO] 
#42 1.564 [INFO] ----------------------< opendolphin:opendolphin >-----------------------
#42 1.564 [INFO] Building OpenDolphin 2.7.1
#42 1.564 [INFO]   from pom.server-classic.xml
#42 1.564 [INFO] --------------------------------[ pom ]---------------------------------
#42 1.568 [INFO] 
#42 1.568 [INFO] --- dependency:3.6.1:get (default-cli) @ opendolphin ---
#42 2.266 [INFO] Resolving javax.jms:javax.jms-api:jar:2.0.1 with transitive dependencies
#42 2.462 [INFO] Downloading from jboss-https: https://repository.jboss.org/nexus/content/groups/public-jboss/javax/jms/javax.jms-api/2.0.1/javax.jms-api-2.0.1.pom
#42 3.219 [INFO] Downloading from central: https://repo.maven.apache.org/maven2/javax/jms/javax.jms-api/2.0.1/javax.jms-api-2.0.1.pom
#42 3.348 [INFO] Downloaded from central: https://repo.maven.apache.org/maven2/javax/jms/javax.jms-api/2.0.1/javax.jms-api-2.0.1.pom (13 kB at 99 kB/s)
#42 3.352 [INFO] Downloading from jboss-https: https://repository.jboss.org/nexus/content/groups/public-jboss/net/java/jvnet-parent/4/jvnet-parent-4.pom
#42 3.694 [INFO] Downloading from central: https://repo.maven.apache.org/maven2/net/java/jvnet-parent/4/jvnet-parent-4.pom
#42 3.741 [INFO] Downloaded from central: https://repo.maven.apache.org/maven2/net/java/jvnet-parent/4/jvnet-parent-4.pom (7.8 kB at 169 kB/s)
#42 3.744 [INFO] Downloading from jboss-https: https://repository.jboss.org/nexus/content/groups/public-jboss/javax/jms/javax.jms-api/2.0.1/javax.jms-api-2.0.1.jar
#42 4.023 [INFO] Downloading from central: https://repo.maven.apache.org/maven2/javax/jms/javax.jms-api/2.0.1/javax.jms-api-2.0.1.jar
#42 4.104 [INFO] Downloaded from central: https://repo.maven.apache.org/maven2/javax/jms/javax.jms-api/2.0.1/javax.jms-api-2.0.1.jar (64 kB at 800 kB/s)
#42 4.104 [INFO] ------------------------------------------------------------------------
#42 4.104 [INFO] BUILD SUCCESS
#42 4.104 [INFO] ------------------------------------------------------------------------
#42 4.107 [INFO] Total time:  2.750 s
#42 4.107 [INFO] Finished at: 2025-11-09T07:11:38Z
#42 4.107 [INFO] ------------------------------------------------------------------------
#42 DONE 4.2s

#46 [server build 15/19] RUN mkdir -p /tmp/hbcompat/src/org/hibernate/type /tmp/hbcompat/classes
#46 DONE 0.2s

#47 [server-modernized-dev build 11/18] RUN mvn -N -f pom.server-modernized.xml -s /tmp/maven-settings.xml -B install:install-file -Dfile=ext_lib/AppleJavaExtensions.jar -DgroupId=com.apple -DartifactId=AppleJavaExtensions -Dversion=1.6 -Dpackaging=jar
#47 ...

#48 [server build 16/19] RUN cat <<'JAVA' > /tmp/hbcompat/src/org/hibernate/type/StringClobType.java
#48 DONE 0.2s

#49 [server build 17/19] RUN javac -cp /root/.m2/repository/org/hibernate/hibernate-core/5.0.10.Final/hibernate-core-5.0.10.Final.jar -d /tmp/hbcompat/classes /tmp/hbcompat/src/org/hibernate/type/StringClobType.java
#49 DONE 0.8s

#47 [server-modernized-dev build 11/18] RUN mvn -N -f pom.server-modernized.xml -s /tmp/maven-settings.xml -B install:install-file -Dfile=ext_lib/AppleJavaExtensions.jar -DgroupId=com.apple -DartifactId=AppleJavaExtensions -Dversion=1.6 -Dpackaging=jar
#47 1.058 [INFO] Scanning for projects...
#47 1.193 [INFO] 
#47 1.193 [INFO] ----------------------< opendolphin:opendolphin >-----------------------
#47 1.193 [INFO] Building OpenDolphin 2.7.1
#47 1.193 [INFO]   from pom.server-modernized.xml
#47 1.194 [INFO] --------------------------------[ pom ]---------------------------------
#47 1.201 [INFO] 
#47 1.201 [INFO] --- install:3.1.1:install-file (default-cli) @ opendolphin ---
#47 1.252 [INFO] pom.xml not found in AppleJavaExtensions.jar
#47 1.259 [INFO] Installing /workspace/ext_lib/AppleJavaExtensions.jar to /root/.m2/repository/com/apple/AppleJavaExtensions/1.6/AppleJavaExtensions-1.6.jar
#47 1.287 [INFO] Installing /tmp/mvninstall15137065035748194845.pom to /root/.m2/repository/com/apple/AppleJavaExtensions/1.6/AppleJavaExtensions-1.6.pom
#47 1.290 [INFO] ------------------------------------------------------------------------
#47 1.290 [INFO] BUILD SUCCESS
#47 1.290 [INFO] ------------------------------------------------------------------------
#47 1.291 [INFO] Total time:  0.254 s
#47 1.291 [INFO] Finished at: 2025-11-09T07:11:39Z
#47 1.291 [INFO] ------------------------------------------------------------------------
#47 DONE 1.3s

#50 [server build 18/19] RUN jar cf /tmp/hbcompat/string-clob-type-compat.jar -C /tmp/hbcompat/classes .
#50 DONE 0.2s

#51 [server-modernized-dev build 12/18] RUN mvn -N -f pom.server-modernized.xml -s /tmp/maven-settings.xml -B dependency:get -Dartifact=org.postgresql:postgresql:42.7.3
#51 0.898 [INFO] Scanning for projects...
#51 ...

#52 [server build 19/19] RUN mvn -f pom.server-classic.xml -s /tmp/maven-settings.xml -B -pl server -am -Plegacy-wildfly10 -DskipTests -Dmaven.test.skip=true package &&     mv server/target/opendolphin-server-*.war server/target/opendolphin-server.war
#52 0.895 [INFO] Scanning for projects...
#52 0.970 [ERROR] [ERROR] Some problems were encountered while processing the POMs:
#52 0.970 [ERROR] Child module /workspace/reporting of /workspace/pom.server-classic.xml does not exist @ 
#52 0.970  @ 
#52 0.970 [ERROR] The build could not read 1 project -> [Help 1]
#52 0.970 [ERROR]   
#52 0.970 [ERROR]   The project opendolphin:opendolphin:2.7.1 (/workspace/pom.server-classic.xml) has 1 error
#52 0.970 [ERROR]     Child module /workspace/reporting of /workspace/pom.server-classic.xml does not exist
#52 0.970 [ERROR] 
#52 0.975 [ERROR] To see the full stack trace of the errors, re-run Maven with the -e switch.
#52 0.975 [ERROR] Re-run Maven using the -X switch to enable full debug logging.
#52 0.976 [ERROR] 
#52 0.976 [ERROR] For more information about the errors and possible solutions, please read the following articles:
#52 0.976 [ERROR] [Help 1] http://cwiki.apache.org/confluence/display/MAVEN/ProjectBuildingException
#52 ERROR: process "/bin/sh -c mvn -f pom.server-classic.xml -s /tmp/maven-settings.xml -B -pl server -am -Plegacy-wildfly10 -DskipTests -Dmaven.test.skip=true package &&     mv server/target/opendolphin-server-*.war server/target/opendolphin-server.war" did not complete successfully: exit code: 1

#51 [server-modernized-dev build 12/18] RUN mvn -N -f pom.server-modernized.xml -s /tmp/maven-settings.xml -B dependency:get -Dartifact=org.postgresql:postgresql:42.7.3
#51 1.107 [INFO] Downloading from central: https://repo.maven.apache.org/maven2/org/apache/maven/plugins/maven-deploy-plugin/3.1.1/maven-deploy-plugin-3.1.1.pom
#51 CANCELED
------
 > [server build 19/19] RUN mvn -f pom.server-classic.xml -s /tmp/maven-settings.xml -B -pl server -am -Plegacy-wildfly10 -DskipTests -Dmaven.test.skip=true package &&     mv server/target/opendolphin-server-*.war server/target/opendolphin-server.war:
0.970 [ERROR] The build could not read 1 project -> [Help 1]
0.970 [ERROR]   
0.970 [ERROR]   The project opendolphin:opendolphin:2.7.1 (/workspace/pom.server-classic.xml) has 1 error
0.970 [ERROR]     Child module /workspace/reporting of /workspace/pom.server-classic.xml does not exist
0.970 [ERROR] 
0.975 [ERROR] To see the full stack trace of the errors, re-run Maven with the -e switch.
0.975 [ERROR] Re-run Maven using the -X switch to enable full debug logging.
0.976 [ERROR] 
0.976 [ERROR] For more information about the errors and possible solutions, please read the following articles:
0.976 [ERROR] [Help 1] http://cwiki.apache.org/confluence/display/MAVEN/ProjectBuildingException
------
