#1 [internal] load local bake definitions
#1 reading from stdin 845B done
#1 DONE 0.0s

#2 [server-modernized-dev internal] load build definition from Dockerfile
#2 transferring dockerfile: 5.07kB done
#2 DONE 0.0s

#3 [server internal] load build definition from Dockerfile.legacy
#3 transferring dockerfile: 4.56kB done
#3 DONE 0.0s

#4 [auth] docker/dockerfile:pull token for registry-1.docker.io
#4 DONE 0.0s

#5 [server-modernized-dev] resolve image config for docker-image://docker.io/docker/dockerfile:1.7
#5 DONE 1.9s

#6 [server-modernized-dev] docker-image://docker.io/docker/dockerfile:1.7@sha256:a57df69d0ea827fb7266491f2813635de6f17269be881f696fbfdf2d83dda33e
#6 resolve docker.io/docker/dockerfile:1.7@sha256:a57df69d0ea827fb7266491f2813635de6f17269be881f696fbfdf2d83dda33e 0.0s done
#6 CACHED

#7 [server internal] load metadata for docker.io/library/maven:3.9.6-eclipse-temurin-17
#7 ...

#8 [auth] library/maven:pull token for registry-1.docker.io
#8 DONE 0.0s

#9 [auth] jboss/wildfly:pull token for registry-1.docker.io
#9 DONE 0.0s

#7 [server-modernized-dev internal] load metadata for docker.io/library/maven:3.9.6-eclipse-temurin-17
#7 ...

#10 [server internal] load metadata for docker.io/jboss/wildfly:10.1.0.Final
#10 DONE 1.0s

#7 [server-modernized-dev internal] load metadata for docker.io/library/maven:3.9.6-eclipse-temurin-17
#7 DONE 1.0s

#11 [server internal] load .dockerignore
#11 transferring context: 133B 0.0s done
#11 DONE 0.1s

#12 [server-modernized-dev internal] load metadata for quay.io/wildfly/wildfly:33.0.2.Final-jdk17
#12 DONE 1.1s

#13 [server-modernized-dev internal] load .dockerignore
#13 transferring context: 133B 0.1s done
#13 DONE 0.1s

#14 [server stage-1  1/15] FROM docker.io/jboss/wildfly:10.1.0.Final@sha256:455b5f3b2ec9cd206e879b776fa854e09c1a0f534362de57c858906561c4128d
#14 resolve docker.io/jboss/wildfly:10.1.0.Final@sha256:455b5f3b2ec9cd206e879b776fa854e09c1a0f534362de57c858906561c4128d 0.1s done
#14 DONE 0.1s

#15 [server build  1/19] FROM docker.io/library/maven:3.9.6-eclipse-temurin-17@sha256:29a1658b1f3078e07c2b17f7b519b45eb47f65d9628e887eac45a8c5c8f939d4
#15 resolve docker.io/library/maven:3.9.6-eclipse-temurin-17@sha256:29a1658b1f3078e07c2b17f7b519b45eb47f65d9628e887eac45a8c5c8f939d4 0.1s done
#15 DONE 0.1s

#16 [server-modernized-dev internal] load build context
#16 ...

#17 [server-modernized-dev stage-1  1/17] FROM quay.io/wildfly/wildfly:33.0.2.Final-jdk17@sha256:72d2a8a60c5422d0f929bfaf329c9fcf5df26d402ff8bb8b10297ff4f714c33a
#17 resolve quay.io/wildfly/wildfly:33.0.2.Final-jdk17@sha256:72d2a8a60c5422d0f929bfaf329c9fcf5df26d402ff8bb8b10297ff4f714c33a 0.1s done
#17 DONE 0.1s

#16 [server-modernized-dev internal] load build context
#16 transferring context: 103.80kB 0.3s done
#16 DONE 0.5s

#18 [server internal] load build context
#18 transferring context: 194.50kB 0.4s done
#18 DONE 0.5s

#19 [server-modernized-dev stage-1  2/17] RUN mkdir -p /usr/share/fonts/opendolphin
#19 CACHED

#20 [server-modernized-dev stage-1  3/17] COPY ops/assets/fonts/NotoSansCJKjp-Regular.otf /usr/share/fonts/opendolphin/NotoSansCJKjp-Regular.otf
#20 CACHED

#21 [server-modernized-dev build 12/17] RUN mvn -N -f pom.server-modernized.xml -s /tmp/maven-settings.xml -B dependency:get -Dartifact=org.hibernate:hibernate-core:5.0.10.Final
#21 CACHED

#22 [server-modernized-dev build 15/17] RUN javac -cp /root/.m2/repository/org/hibernate/hibernate-core/5.0.10.Final/hibernate-core-5.0.10.Final.jar -d /tmp/hbcompat/classes /tmp/hbcompat/src/org/hibernate/type/StringClobType.java
#22 CACHED

#23 [server-modernized-dev build 10/17] RUN mvn -N -f pom.server-modernized.xml -s /tmp/maven-settings.xml -B install:install-file -Dfile=ext_lib/AppleJavaExtensions.jar -DgroupId=com.apple -DartifactId=AppleJavaExtensions -Dversion=1.6 -Dpackaging=jar
#23 CACHED

#24 [server-modernized-dev build  6/17] COPY server-modernized ./server-modernized
#24 CACHED

#25 [server-modernized-dev build  5/17] COPY common ./common
#25 CACHED

#26 [server-modernized-dev build  7/17] COPY ext_lib ./ext_lib
#26 CACHED

#27 [server-modernized-dev build 13/17] RUN mkdir -p /tmp/hbcompat/src/org/hibernate/type /tmp/hbcompat/classes
#27 CACHED

#28 [server-modernized-dev build 14/17] RUN cat <<'JAVA' > /tmp/hbcompat/src/org/hibernate/type/StringClobType.java
#28 CACHED

#29 [server-modernized-dev build 11/17] RUN mvn -N -f pom.server-modernized.xml -s /tmp/maven-settings.xml -B dependency:get -Dartifact=org.postgresql:postgresql:42.7.3
#29 CACHED

#30 [server-modernized-dev build  9/17] RUN mvn -N -f pom.server-modernized.xml -s /tmp/maven-settings.xml -B install:install-file -Dfile=ext_lib/iTextAsian.jar -DgroupId=opendolphin -DartifactId=itext-font -Dversion=1.0 -Dpackaging=jar
#30 CACHED

#31 [server-modernized-dev build  8/17] COPY ops/shared/docker/settings.xml /tmp/maven-settings.xml
#31 CACHED

#32 [server-modernized-dev build  3/17] COPY pom.xml ./
#32 CACHED

#33 [server-modernized-dev build  4/17] RUN grep -v '<module>server</module>' pom.xml | grep -v '<module>client</module>' > pom.server-modernized.xml
#33 CACHED

#34 [server-modernized-dev stage-1  4/17] RUN chmod 644 /usr/share/fonts/opendolphin/NotoSansCJKjp-Regular.otf
#34 CACHED

#35 [server-modernized-dev build 16/17] RUN jar cf /tmp/hbcompat/string-clob-type-compat.jar -C /tmp/hbcompat/classes .
#35 CACHED

#36 [server stage-1  3/15] COPY ops/assets/fonts/NotoSansCJKjp-Regular.otf /usr/share/fonts/opendolphin/NotoSansCJKjp-Regular.otf
#36 CACHED

#37 [server stage-1  2/15] RUN mkdir -p /usr/share/fonts/opendolphin
#37 CACHED

#38 [server build  9/19] COPY ops/shared/docker/settings.xml /tmp/maven-settings.xml
#38 CACHED

#39 [server build  5/19] COPY common ./common
#39 CACHED

#40 [server build  2/19] WORKDIR /workspace
#40 CACHED

#41 [server build  6/19] COPY server ./server
#41 CACHED

#42 [server build  4/19] RUN sed '/<module>server-modernized<\/module>/d' pom.xml > pom.server-classic.xml
#42 CACHED

#43 [server build  3/19] COPY pom.xml ./
#43 CACHED

#44 [server build  7/19] COPY client ./client
#44 CACHED

#45 [server build 12/19] RUN mvn -N -f pom.server-classic.xml -s /tmp/maven-settings.xml -B dependency:get -Dartifact=org.postgresql:postgresql:42.7.3
#45 CACHED

#46 [server build  8/19] COPY ext_lib ./ext_lib
#46 CACHED

#47 [server build 10/19] RUN mvn -N -f pom.server-classic.xml -s /tmp/maven-settings.xml -B install:install-file -Dfile=ext_lib/iTextAsian.jar -DgroupId=opendolphin -DartifactId=itext-font -Dversion=1.0 -Dpackaging=jar
#47 CACHED

#48 [server build 11/19] RUN mvn -N -f pom.server-classic.xml -s /tmp/maven-settings.xml -B install:install-file -Dfile=ext_lib/AppleJavaExtensions.jar -DgroupId=com.apple -DartifactId=AppleJavaExtensions -Dversion=1.6 -Dpackaging=jar
#48 CACHED

#49 [server build 13/19] RUN mvn -N -f pom.server-classic.xml -s /tmp/maven-settings.xml -B dependency:get -Dartifact=org.hibernate:hibernate-core:5.0.10.Final
#49 CACHED

#50 [server stage-1  4/15] RUN chmod 644 /usr/share/fonts/opendolphin/NotoSansCJKjp-Regular.otf
#50 CACHED

#51 [server-modernized-dev build 17/17] RUN mvn -f pom.server-modernized.xml -s /tmp/maven-settings.xml -B -pl server-modernized -am -DskipTests package &&     mv server-modernized/target/opendolphin-server-*.war server-modernized/target/opendolphin-server.war
#51 1.176 [INFO] Scanning for projects...
#51 1.231 [ERROR] [ERROR] Some problems were encountered while processing the POMs:
#51 1.231 [ERROR] Child module /workspace/reporting of /workspace/pom.server-modernized.xml does not exist @ 
#51 1.231  @ 
#51 1.233 [ERROR] The build could not read 1 project -> [Help 1]
#51 1.233 [ERROR]   
#51 1.233 [ERROR]   The project opendolphin:opendolphin:2.7.1 (/workspace/pom.server-modernized.xml) has 1 error
#51 1.233 [ERROR]     Child module /workspace/reporting of /workspace/pom.server-modernized.xml does not exist
#51 1.234 [ERROR] 
#51 1.238 [ERROR] To see the full stack trace of the errors, re-run Maven with the -e switch.
#51 1.238 [ERROR] Re-run Maven using the -X switch to enable full debug logging.
#51 1.238 [ERROR] 
#51 1.238 [ERROR] For more information about the errors and possible solutions, please read the following articles:
#51 1.238 [ERROR] [Help 1] http://cwiki.apache.org/confluence/display/MAVEN/ProjectBuildingException
#51 ERROR: process "/bin/sh -c mvn -f pom.server-modernized.xml -s /tmp/maven-settings.xml -B -pl server-modernized -am -DskipTests package &&     mv server-modernized/target/opendolphin-server-*.war server-modernized/target/opendolphin-server.war" did not complete successfully: exit code: 1

#52 [server build 14/19] RUN mvn -N -f pom.server-classic.xml -s /tmp/maven-settings.xml -B dependency:get -Dartifact=javax.jms:javax.jms-api:2.0.1
#52 1.194 [INFO] Scanning for projects...
#52 1.383 [INFO] 
#52 1.383 [INFO] ----------------------< opendolphin:opendolphin >-----------------------
#52 1.384 [INFO] Building OpenDolphin 2.7.1
#52 1.384 [INFO]   from pom.server-classic.xml
#52 1.385 [INFO] --------------------------------[ pom ]---------------------------------
#52 1.389 [INFO] 
#52 1.389 [INFO] --- dependency:3.6.1:get (default-cli) @ opendolphin ---
#52 CANCELED
------
 > [server-modernized-dev build 17/17] RUN mvn -f pom.server-modernized.xml -s /tmp/maven-settings.xml -B -pl server-modernized -am -DskipTests package &&     mv server-modernized/target/opendolphin-server-*.war server-modernized/target/opendolphin-server.war:
1.233 [ERROR] The build could not read 1 project -> [Help 1]
1.233 [ERROR]   
1.233 [ERROR]   The project opendolphin:opendolphin:2.7.1 (/workspace/pom.server-modernized.xml) has 1 error
1.233 [ERROR]     Child module /workspace/reporting of /workspace/pom.server-modernized.xml does not exist
1.234 [ERROR] 
1.238 [ERROR] To see the full stack trace of the errors, re-run Maven with the -e switch.
1.238 [ERROR] Re-run Maven using the -X switch to enable full debug logging.
1.238 [ERROR] 
1.238 [ERROR] For more information about the errors and possible solutions, please read the following articles:
1.238 [ERROR] [Help 1] http://cwiki.apache.org/confluence/display/MAVEN/ProjectBuildingException
------
