[INFO] Scanning for projects...
[INFO] ------------------------------------------------------------------------
[INFO] Reactor Build Order:
[INFO] 
[INFO] opendolphin-common                                                 [jar]
[INFO] opendolphin-reporting                                              [jar]
[INFO] opendolphin-server                                                 [war]
[INFO] opendolphin-server-modernized                                      [war]
[INFO] opendolphin-client                                                 [jar]
[INFO] 
[INFO] -------------------< opendolphin:opendolphin-common >-------------------
[INFO] Building opendolphin-common 2.7.1                                  [1/5]
[INFO]   from pom.xml
[INFO] --------------------------------[ jar ]---------------------------------
[INFO] 
[INFO] --- resources:3.3.1:resources (default-resources) @ opendolphin-common ---
[INFO] Copying 1 resource from src/main/resources to target/classes
[INFO] 
[INFO] --- compiler:3.11.0:compile (default-compile) @ opendolphin-common ---
[INFO] Nothing to compile - all classes are up to date
[INFO] 
[INFO] -----------------< opendolphin:opendolphin-reporting >------------------
[INFO] Building opendolphin-reporting 2.7.1                               [2/5]
[INFO]   from /Users/Hayato/Documents/GitHub/OpenDolphin_WebClient/reporting/pom.xml
[INFO] --------------------------------[ jar ]---------------------------------
[INFO] 
[INFO] --- resources:3.3.1:resources (default-resources) @ opendolphin-reporting ---
[INFO] skip non existing resourceDirectory /Users/Hayato/Documents/GitHub/OpenDolphin_WebClient/reporting/src/main/resources
[INFO] Copying 7 resources from ../server-modernized/reporting/templates to target/classes/reporting/templates
[INFO] Copying 1 resource from ../server-modernized/reporting/glossary to target/classes/reporting/glossary
[INFO] 
[INFO] --- compiler:3.11.0:compile (default-compile) @ opendolphin-reporting ---
[INFO] Nothing to compile - all classes are up to date
[INFO] 
[INFO] -------------------< opendolphin:opendolphin-server >-------------------
[INFO] Building opendolphin-server 2.7.1                                  [3/5]
[INFO]   from /Users/Hayato/Documents/GitHub/OpenDolphin_WebClient/server/pom.xml
[INFO] --------------------------------[ war ]---------------------------------
[WARNING] The artifact jdom:jdom:jar:1.1 has been relocated to org.jdom:jdom:jar:1.1
[INFO] 
[INFO] --- resources:3.3.1:resources (default-resources) @ opendolphin-server ---
[INFO] skip non existing resourceDirectory /Users/Hayato/Documents/GitHub/OpenDolphin_WebClient/server/src/main/resources
[INFO] 
[INFO] --- compiler:2.3.2:compile (default-compile) @ opendolphin-server ---
[INFO] Nothing to compile - all classes are up to date
[INFO] 
[INFO] -------------< opendolphin:opendolphin-server-modernized >--------------
[INFO] Building opendolphin-server-modernized 2.7.1                       [4/5]
[INFO]   from /Users/Hayato/Documents/GitHub/OpenDolphin_WebClient/server-modernized/pom.xml
[INFO] --------------------------------[ war ]---------------------------------
[WARNING] The artifact jdom:jdom:jar:1.1 has been relocated to org.jdom:jdom:jar:1.1
[INFO] 
[INFO] --- resources:3.3.1:resources (default-resources) @ opendolphin-server-modernized ---
[INFO] Copying 5 resources from src/main/resources to target/classes
[INFO] Copying 7 resources from reporting/templates to target/classes/reporting/templates
[INFO] Copying 1 resource from reporting/glossary to target/classes/reporting/glossary
[INFO] 
[INFO] --- compiler:3.11.0:compile (default-compile) @ opendolphin-server-modernized ---
[INFO] Nothing to compile - all classes are up to date
[INFO] 
[INFO] -------------------< opendolphin:opendolphin-client >-------------------
[INFO] Building opendolphin-client 2.7.1                                  [5/5]
[INFO]   from /Users/Hayato/Documents/GitHub/OpenDolphin_WebClient/client/pom.xml
[INFO] --------------------------------[ jar ]---------------------------------
Downloading from central: https://repo.maven.apache.org/maven2/org/jboss/resteasy/jaxrs-api/3.0.8.Final/jaxrs-api-3.0.8.Final.pom
Progress (1): 1.0 kB                    Downloaded from central: https://repo.maven.apache.org/maven2/org/jboss/resteasy/jaxrs-api/3.0.8.Final/jaxrs-api-3.0.8.Final.pom (1.0 kB at 1.9 kB/s)
[WARNING] The POM for opendolphin:itext-font:jar:1.0 is missing, no dependency information available
[WARNING] The POM for com.apple:AppleJavaExtensions:jar:1.6 is missing, no dependency information available
[INFO] Artifact org.jboss.resteasy:jaxrs-api:jar:3.0.10.Final is present in the local repository, but cached from a remote repository ID that is unavailable in current build context, verifying that is downloadable from [central (https://repo.maven.apache.org/maven2, default, releases), maven-default-http-blocker (http://0.0.0.0/, default, releases+snapshots, blocked)]
[INFO] Artifact org.jboss.spec.javax.annotation:jboss-annotations-api_1.1_spec:jar:1.0.1.Final is present in the local repository, but cached from a remote repository ID that is unavailable in current build context, verifying that is downloadable from [central (https://repo.maven.apache.org/maven2, default, releases), maven-default-http-blocker (http://0.0.0.0/, default, releases+snapshots, blocked)]
[INFO] Artifact org.jboss.resteasy:jaxrs-api:jar:3.0.10.Final is present in the local repository, but cached from a remote repository ID that is unavailable in current build context, verifying that is downloadable from [central (https://repo.maven.apache.org/maven2, default, releases), maven-default-http-blocker (http://0.0.0.0/, default, releases+snapshots, blocked)]
[INFO] Artifact org.jboss.spec.javax.annotation:jboss-annotations-api_1.1_spec:jar:1.0.1.Final is present in the local repository, but cached from a remote repository ID that is unavailable in current build context, verifying that is downloadable from [central (https://repo.maven.apache.org/maven2, default, releases), maven-default-http-blocker (http://0.0.0.0/, default, releases+snapshots, blocked)]
Downloading from central: https://repo.maven.apache.org/maven2/org/jboss/resteasy/jaxrs-api/3.0.10.Final/jaxrs-api-3.0.10.Final.jar
Downloaded from central: https://repo.maven.apache.org/maven2/org/jboss/resteasy/jaxrs-api/3.0.10.Final/jaxrs-api-3.0.10.Final.jar (0 B at 0 B/s)
Downloading from central: https://repo.maven.apache.org/maven2/org/jboss/spec/javax/annotation/jboss-annotations-api_1.1_spec/1.0.1.Final/jboss-annotations-api_1.1_spec-1.0.1.Final.jar
Downloaded from central: https://repo.maven.apache.org/maven2/org/jboss/spec/javax/annotation/jboss-annotations-api_1.1_spec/1.0.1.Final/jboss-annotations-api_1.1_spec-1.0.1.Final.jar (0 B at 0 B/s)
[INFO] ------------------------------------------------------------------------
[INFO] Reactor Summary for opendolphin-common 2.7.1:
[INFO] 
[INFO] opendolphin-common ................................. SUCCESS [  0.262 s]
[INFO] opendolphin-reporting .............................. SUCCESS [  0.031 s]
[INFO] opendolphin-server ................................. SUCCESS [  0.142 s]
[INFO] opendolphin-server-modernized ...................... SUCCESS [  0.434 s]
[INFO] opendolphin-client ................................. FAILURE [  1.060 s]
[INFO] ------------------------------------------------------------------------
[INFO] BUILD FAILURE
[INFO] ------------------------------------------------------------------------
[INFO] Total time:  2.011 s
[INFO] Finished at: 2025-11-12T19:57:41+09:00
[INFO] ------------------------------------------------------------------------
[ERROR] Failed to execute goal on project opendolphin-client: Could not resolve dependencies for project opendolphin:opendolphin-client:jar:2.7.1
[ERROR] dependency: opendolphin:itext-font:jar:1.0 (compile)
[ERROR] 	opendolphin:itext-font:jar:1.0 was not found in https://repo.maven.apache.org/maven2 during a previous attempt. This failure was cached in the local repository and resolution is not reattempted until the update interval of central has elapsed or updates are forced
[ERROR] dependency: com.apple:AppleJavaExtensions:jar:1.6 (compile)
[ERROR] 	com.apple:AppleJavaExtensions:jar:1.6 was not found in https://repo.maven.apache.org/maven2 during a previous attempt. This failure was cached in the local repository and resolution is not reattempted until the update interval of central has elapsed or updates are forced
[ERROR] 
[ERROR] -> [Help 1]
[ERROR] 
[ERROR] To see the full stack trace of the errors, re-run Maven with the -e switch.
[ERROR] Re-run Maven using the -X switch to enable full debug logging.
[ERROR] 
[ERROR] For more information about the errors and possible solutions, please read the following articles:
[ERROR] [Help 1] http://cwiki.apache.org/confluence/display/MAVEN/DependencyResolutionException
[ERROR] 
[ERROR] After correcting the problems, you can resume the build with the command
[ERROR]   mvn <args> -rf :opendolphin-client
